acl
adduser
apt
aptitude
aptitude-common
apt-utils
at
base-files
base-passwd
bash
bash-completion
bind9-host
bsdmainutils
bsdutils
btrfs-tools
busybox
bzip2
ca-certificates
console-setup
console-setup-linux
coreutils
cpio
cpufrequtils
cron
curl
dash
dbus
debconf
debconf-i18n
debian-archive-keyring
debianutils
diffutils
discover
discover-data
dmeventd
dmidecode
dmsetup
dnsutils
dpkg
e2fslibs
e2fsprogs
eject
ethtool
file
findutils
firmware-bnx2x
firmware-linux-free
firmware-realtek
ftp
gcc-4.9-base
gdisk
gettext-base
gnupg
gpgv
grep
groff-base
grub2-common
grub-common
grub-pc
grub-pc-bin
gzip
haveged
host
hostname
ifupdown
init
initramfs-tools
initscripts
init-system-helpers
insserv
install-info
iproute2
iptables
iputils-ping
irqbalance
isc-dhcp-client
isc-dhcp-common
kbd
keyboard-configuration
klibc-utils
kmod
less
libacl1
libapt-inst1.5
libapt-pkg4.12
libasprintf0c2
libattr1
libaudit1
libaudit-common
libbind9-90
libblkid1
libboost-iostreams1.55.0
libbsd0
libbz2-1.0
libc6
libcap2
libcap2-bin
libcap-ng0
libc-bin
libclass-isa-perl
libcomerr2
libcpufreq0
libcryptsetup4
libcurl3
libcwidget3
libdb5.3
libdbus-1-3
libdebconfclient0
libdevmapper1.02.1
libdevmapper-event1.02.1
libdiscover2
libdns100
libdns-export100
libedit2
libestr0
libexpat1
libffi6
libfreetype6
libfuse2
libgc1c2
libgcc1
libgcrypt20
libgdbm3
libgeoip1
libglib2.0-0
libglib2.0-data
libgmp10
libgnutls-deb0-28
libgnutls-openssl27
libgpg-error0
libgpm2
libgssapi-krb5-2
libhavege1
libhogweed2
libicu52
libidn11
libirs-export91
libisc95
libisccc90
libisccfg90
libisccfg-export90
libisc-export95
libjson-c2
libk5crypto3
libkeyutils1
libklibc
libkmod2
libkrb5-3
libkrb5support0
libldap-2.4-2
liblocale-gettext-perl
liblockfile1
liblockfile-bin
liblogging-stdlog0
liblognorm1
liblvm2cmd2.02
liblwres90
liblzma5
liblzo2-2
libmagic1
libmnl0
libmount1
libncurses5
libncursesw5
libnetfilter-acct1
libnettle4
libnewt0.52
libnfnetlink0
libnuma1
libp11-kit0
libpam0g
libpam-modules
libpam-modules-bin
libpam-runtime
libpam-systemd
libpci3
libpcre3
libperl4-corelibs-perl
libpipeline1
libpng12-0
libpopt0
libprocps3
libpsl0
libpython2.7-minimal
libpython2.7-stdlib
libpython-stdlib
libreadline5
libreadline6
librtmp1
libsasl2-2
libsasl2-modules
libsasl2-modules-db
libselinux1
libsemanage1
libsemanage-common
libsepol1
libsigc++-2.0-0c2a
libslang2
libsmartcols1
libsqlite3-0
libss2
libssh2-1
libssl1.0.0
libstdc++6
libswitch-perl
libsystemd0
libsystemd-daemon0
libsystemd-journal0
libsystemd-login0
libtasn1-6
libtext-charwidth-perl
libtext-iconv-perl
libtext-wrapi18n-perl
libtinfo5
libudev1
libusb-0.1-4
libusb-1.0-0
libustr-1.0-1
libuuid1
libuuid-perl
libwrap0
libxapian22
libxml2
libxtables10
linux-base
linux-image-3.16.0-4-amd64
linux-image-amd64
locales
lockfile-progs
login
logrotate
lsb-base
lsb-release
lsof
lvm2
man-db
manpages
mawk
mdadm
mime-support
mount
multiarch-support
nano
ncurses-base
ncurses-bin
ncurses-term
netbase
netcat-traditional
net-tools
ntpdate
openssh-client
openssh-server
openssh-sftp-server
openssl
passwd
patch
pciutils
perl
perl-base
perl-modules
procps
psmisc
python
python2.7
python2.7-minimal
python-minimal
readline-common
rsync
rsyslog
sed
sensible-utils
sgml-base
startpar
systemd
systemd-sysv
sysvinit-utils
sysv-rc
tar
tasksel
tasksel-data
time
traceroute
tzdata
ucf
udev
usbutils
util-linux
util-linux-locales
vim
vim-common
vim-runtime
vim-tiny
w3m
wget
whiptail
xfsprogs
xkb-data
xml-core
xz-utils
zlib1g
